year	month	day	hour	minute	obs_temp	fc_temp
2025 01 17 13 57 36(35) °C 34(32) °
2025 01 17 14 40 36(35) °C 34(32) °
2025 01 17 15 40 100 °F 82(78) °F │ .-. +93(89) °F │ .-. +95(91) °F │ .-. +86(84) °F │
2025 01 17 16 44 100 °F 82(78) °F │ .-. +93(89) °F │ .-. +95(91) °F │ .-. +86(84) °F │
2025 01 17 17 40 34(32) °C 34(32) °
2025 01 17 18 43 34(32) °C 34(32) °
2025 01 17 19 40 93(89) °F 82(78) °F │ .-. +93(89) °F │ .-. +95(91) °F │ .-. +87(84) °F │
2025 01 17 20 40 93(89) °F 82(78) °F │ .-. +93(89) °F │ .-. +95(91) °F │ .-. +87(84) °F │
2025 01 17 21 40 80(77) °F 82(78) °F │ .-. +93(89) °F │ .-. +95(91) °F │ .-. +87(84) °F │
2025 01 17 22 40 80(77) °F 82(78) °F │ .-. +93(89) °F │ .-. +95(91) °F │ .-. +87(84) °F │
2025 01 17 23 40 80(77) °F 82(78) °F │ .-. +93(89) °F │ .-. +95(91) °F │ .-. +87(84) °F │
2025 01 18 01 53 23 °C 32(34) °
2025 01 18 02 55 23 °C 32(34) °
2025 01 18 03 40 73 °F 80(82) °F │ .-. +89(93) °F │ .-. +93(91) °F │ .-. +87(86) °F │
2025 01 18 04 41 73 °F 80(82) °F │ .-. +89(93) °F │ .-. +93(91) °F │ .-. +87(86) °F │
2025 01 18 05 40 21 °C 32(33) °
2025 01 18 06 42 21 °C 32(33) °
2025 01 18 07 40 69 °F 80(82) °F │ .-. +89(91) °F │ .-. +93(91) °F │ .-. +87(86) °F │
2025 01 18 08 41 69 °F 80(82) °F │ .-. +89(91) °F │ .-. +93(91) °F │ .-. +87(86) °F │
2025 01 18 09 40 21 °C 32(33) °
2025 01 18 10 40 87(84) °F 80(82) °F │ .-. +89(91) °F │ .-. +93(91) °F │ .-. +87(86) °F │
2025 01 18 11 40 31(29) °C 32(33) °
2025 01 18 12 55 87(84) °F 80(82) °F │ .-. +89(91) °F │ .-. +93(91) °F │ .-. +87(86) °F │
2025 01 18 13 40 31(29) °C 32(33) °
2025 01 18 14 40 35(34) °C 33 °
2025 01 18 15 40 96(95) °F 80(84) °F │ .-. 91 °F │ .-. +93(91) °F │ .-. +87(86) °F │
2025 01 18 16 41 36(35) °C 33 °
2025 01 18 17 40 36(35) °C 33 °
2025 01 18 18 42 31(29) °C 32(33) °
2025 01 18 19 40 87(84) °F 80(82) °F │ .-. +89(91) °F │ .-. +93(91) °F │ .-. +86(84) °F │
2025 01 18 20 40 31(29) °C 32(33) °
2025 01 18 21 40 31(29) °C 32(33) °
2025 01 18 22 40 78(75) °F 80(82) °F │ .-. +89(91) °F │ .-. +93(91) °F │ .-. +86(84) °F │
2025 01 18 23 40 26(24) °C 32(33) °
2025 01 19 02 07 78(75) °F 80(82) °F │ .-. +89(91) °F │ .-. +93(91) °F │ .-. +86(84) °F │
2025 01 19 03 01 73 °F 78(82) °F │ .-. +89(91) °F │ .-. +93(91) °F │ .-. 87 °F │
2025 01 19 03 42 73 °F 78(82) °F │ .-. +89(91) °F │ .-. +93(91) °F │ .-. 87 °F │
2025 01 19 04 41 23 °C 32(33) °
2025 01 19 05 40 73 °F 78(82) °F │ .-. +89(91) °F │ .-. +93(91) °F │ .-. 87 °F │
2025 01 19 06 43 26 °C 33 °
2025 01 19 07 40 78 °F 78(82) °F │ .-. 91 °F │ .-. +93(91) °F │ .-. +87(86) °F │
2025 01 19 08 41 26 °C 33 °
2025 01 19 09 40 78 °F 78(82) °F │ .-. 91 °F │ .-. +93(91) °F │ .-. +87(86) °F │
2025 01 19 10 40 30 °C 33 °
2025 01 19 11 40 86 °F 78(82) °F │ .-. 91 °F │ .-. +93(91) °F │ .-. +87(86) °F │
2025 01 19 12 55 86 °F 78(82) °F │ .-. 91 °F │ .-. +93(91) °F │ .-. +87(86) °F │
2025 01 19 13 40 86 °F 78(82) °F │ .-. 91 °F │ .-. +93(91) °F │ .-. +87(86) °F │
2025 01 19 14 40 30 °C 33 °
2025 01 19 15 40 35(33) °C 32(33) °
2025 01 19 16 42 35(33) °C 32(33) °
2025 01 19 17 40 95(91) °F 78(82) °F │ .-. +89(91) °F │ .-. +93(91) °F │ .-. +87(84) °F │
2025 01 19 18 43 95(91) °F 78(82) °F │ .-. +89(91) °F │ .-. +93(91) °F │ .-. +87(84) °F │
2025 01 19 19 40 29(27) °C 32(33) °
2025 01 19 20 40 29(27) °C 32(33) °
2025 01 19 21 40 29(27) °C 32(33) °
2025 01 19 22 40 84(80) °F 78(82) °F │ _ /"".-. +89(91) °F │ .-. +93(91) °F │ .-. +87(86) °F │
2025 01 19 23 40 77 °F 84 °F │ .-. +93(95) °F │ .-. 89 °F │ .-. 87 °F │
2025 01 20 02 03 25 °C 34(35) °
2025 01 20 02 59 77 °F 84 °F │ .-. +93(95) °F │ .-. 89 °F │ .-. 87 °F │
2025 01 20 03 42 22(24) °C 34 °
2025 01 20 04 42 22(24) °C 34 °
2025 01 20 05 40 71(75) °F 82(84) °F │ .-. 93 °F │ .-. +95(93) °F │ .-. +89(87) °F │
2025 01 20 06 46 22(24) °C 34 °
2025 01 20 07 40 22(25) °C 35(34) °
2025 01 20 08 45 22(25) °C 35(34) °
2025 01 20 09 41 71(77) °F 84 °F │ .-. +95(93) °F │ .-. +96(93) °F │ .-. +87(86) °F │
2025 01 20 10 43 71(77) °F 84 °F │ .-. +95(93) °F │ .-. +96(93) °F │ .-. +87(86) °F │
2025 01 20 11 40 31 °C 35(34) °
2025 01 20 13 00 84 °F │ .-. +95(93) °F │ .-. +95(93) °F │ .-. +87(86) °F │
2025 01 20 13 40 87 °F 84 °F │ .-. +95(93) °F │ .-. +95(93) °F │ .-. +87(86) °F │
2025 01 20 14 41 31 °C 35(34) °
2025 01 20 15 40 93(91) °F 84 °F │ .-. +95(93) °F │ .-. +95(93) °F │ .-. +87(86) °F │
2025 01 20 16 44 34(33) °C 35(34) °
2025 01 20 17 40 93(91) °F 84 °F │ .-. +95(93) °F │ .-. +95(93) °F │ .-. +87(86) °F │
2025 01 20 18 43 34(33) °C 35(34) °
2025 01 20 19 40 93(91) °F 84 °F │ .-. +95(93) °F │ .-. +95(93) °F │ .-. +87(86) °F │
2025 01 20 20 40 28(27) °C 35(34) °
2025 01 20 21 40 28(27) °C 35(34) °
2025 01 20 22 40 82(80) °F 84 °F │ .-. +95(93) °F │ .-. +96(93) °F │ .-. +87(86) °F │
2025 01 20 23 40 28(27) °C 35(34) °
